This is pdfTeX, Version 3.1415926-1.40.11 (TeX Live 2010) (format=pdflatex 2011.3.30)  21 FEB 2012 11:11
entering extended mode
 restricted \write18 enabled.
 %&-line parsing enabled.
**main.tex
(./main.tex
LaTeX2e <2009/09/24>
Babel <v3.8l> and hyphenation patterns for english, dumylang, nohyphenation, ge
rman-x-2009-06-19, ngerman-x-2009-06-19, ancientgreek, ibycus, arabic, armenian
, basque, bulgarian, catalan, pinyin, coptic, croatian, czech, danish, dutch, u
kenglish, usenglishmax, esperanto, estonian, farsi, finnish, french, galician, 
german, ngerman, swissgerman, monogreek, greek, hungarian, icelandic, assamese,
 bengali, gujarati, hindi, kannada, malayalam, marathi, oriya, panjabi, tamil, 
telugu, indonesian, interlingua, irish, italian, kurmanji, lao, latin, latvian,
 lithuanian, mongolian, mongolianlmc, bokmal, nynorsk, polish, portuguese, roma
nian, russian, sanskrit, serbian, slovak, slovenian, spanish, swedish, turkish,
 turkmen, ukrainian, uppersorbian, welsh, loaded.
(./llncs.cls
Document Class: llncs 2010/07/12 v2.17 
 LaTeX document class for Lecture Notes in Computer Science
(/usr/local/texlive/2010/texmf-dist/tex/latex/base/article.cls
Document Class: article 2007/10/19 v1.4h Standard LaTeX document class
(/usr/local/texlive/2010/texmf-dist/tex/latex/base/size10.clo
File: size10.clo 2007/10/19 v1.4h Standard LaTeX file (size option)
)
\c@part=\count79
\c@section=\count80
\c@subsection=\count81
\c@subsubsection=\count82
\c@paragraph=\count83
\c@subparagraph=\count84
\c@figure=\count85
\c@table=\count86
\abovecaptionskip=\skip41
\belowcaptionskip=\skip42
\bibindent=\dimen102
)
(/usr/local/texlive/2010/texmf-dist/tex/latex/tools/multicol.sty
Package: multicol 2008/12/05 v1.6h multicolumn formatting (FMi)
\c@tracingmulticols=\count87
\mult@box=\box26
\multicol@leftmargin=\dimen103
\c@unbalance=\count88
\c@collectmore=\count89
\doublecol@number=\count90
\multicoltolerance=\count91
\multicolpretolerance=\count92
\full@width=\dimen104
\page@free=\dimen105
\premulticols=\dimen106
\postmulticols=\dimen107
\multicolsep=\skip43
\multicolbaselineskip=\skip44
\partial@page=\box27
\last@line=\box28
\mult@rightbox=\box29
\mult@grightbox=\box30
\mult@gfirstbox=\box31
\mult@firstbox=\box32
\@tempa=\box33
\@tempa=\box34
\@tempa=\box35
\@tempa=\box36
\@tempa=\box37
\@tempa=\box38
\@tempa=\box39
\@tempa=\box40
\@tempa=\box41
\@tempa=\box42
\@tempa=\box43
\@tempa=\box44
\@tempa=\box45
\@tempa=\box46
\@tempa=\box47
\@tempa=\box48
\@tempa=\box49
\c@columnbadness=\count93
\c@finalcolumnbadness=\count94
\last@try=\dimen108
\multicolovershoot=\dimen109
\multicolundershoot=\dimen110
\mult@nat@firstbox=\box50
\colbreak@box=\box51
)
(/usr/local/texlive/2010/texmf-dist/tex/latex/oberdiek/aliascnt.sty
Package: aliascnt 2009/09/08 v1.3 Alias counter (HO)

(/usr/local/texlive/2010/texmf-dist/tex/latex/carlisle/remreset.sty))
\c@chapter=\count95
LaTeX Font Info:    Redeclaring math symbol \Gamma on input line 362.
LaTeX Font Info:    Redeclaring math symbol \Delta on input line 363.
LaTeX Font Info:    Redeclaring math symbol \Theta on input line 364.
LaTeX Font Info:    Redeclaring math symbol \Lambda on input line 365.
LaTeX Font Info:    Redeclaring math symbol \Xi on input line 366.
LaTeX Font Info:    Redeclaring math symbol \Pi on input line 367.
LaTeX Font Info:    Redeclaring math symbol \Sigma on input line 368.
LaTeX Font Info:    Redeclaring math symbol \Upsilon on input line 369.
LaTeX Font Info:    Redeclaring math symbol \Phi on input line 370.
LaTeX Font Info:    Redeclaring math symbol \Psi on input line 371.
LaTeX Font Info:    Redeclaring math symbol \Omega on input line 372.
\tocchpnum=\dimen111
\tocsecnum=\dimen112
\tocsectotal=\dimen113
\tocsubsecnum=\dimen114
\tocsubsectotal=\dimen115
\tocsubsubsecnum=\dimen116
\tocsubsubsectotal=\dimen117
\tocparanum=\dimen118
\tocparatotal=\dimen119
\tocsubparanum=\dimen120
\@tempcntc=\count96
\fnindent=\dimen121
\c@@inst=\count97
\c@@auth=\count98
\c@auco=\count99
\instindent=\dimen122
\authrun=\box52
\authorrunning=\toks14
\tocauthor=\toks15
\titrun=\box53
\titlerunning=\toks16
\toctitle=\toks17
\c@theorem=\count100
\c@case=\count101
\c@conjecture=\count102
\c@corollary=\count103
\c@definition=\count104
\c@example=\count105
\c@exercise=\count106
\c@lemma=\count107
\c@note=\count108
\c@problem=\count109
\c@property=\count110
\c@proposition=\count111
\c@question=\count112
\c@solution=\count113
\c@remark=\count114
\headlineindent=\dimen123
)
(/usr/local/texlive/2010/texmf-dist/tex/latex/graphics/graphicx.sty
Package: graphicx 1999/02/16 v1.0f Enhanced LaTeX Graphics (DPC,SPQR)

(/usr/local/texlive/2010/texmf-dist/tex/latex/graphics/keyval.sty
Package: keyval 1999/03/16 v1.13 key=value parser (DPC)
\KV@toks@=\toks18
)
(/usr/local/texlive/2010/texmf-dist/tex/latex/graphics/graphics.sty
Package: graphics 2009/02/05 v1.0o Standard LaTeX Graphics (DPC,SPQR)

(/usr/local/texlive/2010/texmf-dist/tex/latex/graphics/trig.sty
Package: trig 1999/03/16 v1.09 sin cos tan (DPC)
)
(/usr/local/texlive/2010/texmf-dist/tex/latex/latexconfig/graphics.cfg
File: graphics.cfg 2010/04/23 v1.9 graphics configuration of TeX Live
)
Package graphics Info: Driver file: pdftex.def on input line 91.

(/usr/local/texlive/2010/texmf-dist/tex/latex/pdftex-def/pdftex.def
File: pdftex.def 2010/02/14 v0.04n Graphics/color for pdfTeX
\Gread@gobject=\count115
))
\Gin@req@height=\dimen124
\Gin@req@width=\dimen125
)
(/usr/local/texlive/2010/texmf-dist/tex/generic/babel/babel.sty
Package: babel 2008/07/06 v3.8l The Babel package

(/usr/local/texlive/2010/texmf-dist/tex/generic/babel/english.ldf
Language: english 2005/03/30 v3.3o English support from the babel system

(/usr/local/texlive/2010/texmf-dist/tex/generic/babel/babel.def
File: babel.def 2008/07/06 v3.8l Babel common definitions
\babel@savecnt=\count116
\U@D=\dimen126
)
\l@canadian = a dialect from \language\l@american 
\l@australian = a dialect from \language\l@british 
\l@newzealand = a dialect from \language\l@british 
))
(/usr/local/texlive/2010/texmf-dist/tex/latex/graphics/color.sty
Package: color 2005/11/14 v1.0j Standard LaTeX Color (DPC)

(/usr/local/texlive/2010/texmf-dist/tex/latex/latexconfig/color.cfg
File: color.cfg 2007/01/18 v1.5 color configuration of teTeX/TeXLive
)
Package color Info: Driver file: pdftex.def on input line 130.
)
(/usr/local/texlive/2010/texmf-dist/tex/latex/ucs/ucs.sty
Package: ucs 2004/10/17 UCS: Unicode input support

(/usr/local/texlive/2010/texmf-dist/tex/latex/ucs/data/uni-global.def
File: uni-global.def 2004/10/17 UCS: Unicode global data
)
\uc@secondtry=\count117
\uc@combtoks=\toks19
\uc@combtoksb=\toks20
\uc@temptokena=\toks21
)
(/usr/local/texlive/2010/texmf-dist/tex/latex/base/inputenc.sty
Package: inputenc 2008/03/30 v1.1d Input encoding file
\inpenc@prehook=\toks22
\inpenc@posthook=\toks23

(/usr/local/texlive/2010/texmf-dist/tex/latex/base/latin1.def
File: latin1.def 2008/03/30 v1.1d Input encoding file
)) (./main.aux)
\openout1 = `main.aux'.

LaTeX Font Info:    Checking defaults for OML/cmm/m/it on input line 23.
LaTeX Font Info:    ... okay on input line 23.
LaTeX Font Info:    Checking defaults for T1/cmr/m/n on input line 23.
LaTeX Font Info:    ... okay on input line 23.
LaTeX Font Info:    Checking defaults for OT1/cmr/m/n on input line 23.
LaTeX Font Info:    ... okay on input line 23.
LaTeX Font Info:    Checking defaults for OMS/cmsy/m/n on input line 23.
LaTeX Font Info:    ... okay on input line 23.
LaTeX Font Info:    Checking defaults for OMX/cmex/m/n on input line 23.
LaTeX Font Info:    ... okay on input line 23.
LaTeX Font Info:    Checking defaults for U/cmr/m/n on input line 23.
LaTeX Font Info:    ... okay on input line 23.

(/usr/local/texlive/2010/texmf-dist/tex/context/base/supp-pdf.mkii
[Loading MPS to PDF converter (version 2006.09.02).]
\scratchcounter=\count118
\scratchdimen=\dimen127
\scratchbox=\box54
\nofMPsegments=\count119
\nofMParguments=\count120
\everyMPshowfont=\toks24
\MPscratchCnt=\count121
\MPscratchDim=\dimen128
\MPnumerator=\count122
\everyMPtoPDFconversion=\toks25
) (/usr/local/texlive/2010/texmf-dist/tex/generic/oberdiek/pdftexcmds.sty
Package: pdftexcmds 2010/04/01 v0.9 Utility functions of pdfTeX for LuaTeX (HO)


(/usr/local/texlive/2010/texmf-dist/tex/generic/oberdiek/infwarerr.sty
Package: infwarerr 2010/04/08 v1.3 Providing info/warning/message (HO)
)
(/usr/local/texlive/2010/texmf-dist/tex/generic/oberdiek/ifluatex.sty
Package: ifluatex 2010/03/01 v1.3 Provides the ifluatex switch (HO)
Package ifluatex Info: LuaTeX not detected.
)
(/usr/local/texlive/2010/texmf-dist/tex/generic/oberdiek/ltxcmds.sty
Package: ltxcmds 2010/04/26 v1.7 LaTeX kernel commands for general use (HO)
)
Package pdftexcmds Info: LuaTeX not detected.
Package pdftexcmds Info: \pdf@primitive is available.
Package pdftexcmds Info: \pdf@ifprimitive is available.
)
(/usr/local/texlive/2010/texmf-dist/tex/latex/oberdiek/epstopdf-base.sty
Package: epstopdf-base 2010/02/09 v2.5 Base part for package epstopdf

(/usr/local/texlive/2010/texmf-dist/tex/latex/oberdiek/grfext.sty
Package: grfext 2007/09/30 v1.0 Managing graphics extensions (HO)
)
(/usr/local/texlive/2010/texmf-dist/tex/latex/oberdiek/kvoptions.sty
Package: kvoptions 2010/02/22 v3.7 Keyval support for LaTeX options (HO)

(/usr/local/texlive/2010/texmf-dist/tex/generic/oberdiek/kvsetkeys.sty
Package: kvsetkeys 2010/03/01 v1.9 Key value parser (HO)

(/usr/local/texlive/2010/texmf-dist/tex/generic/oberdiek/etexcmds.sty
Package: etexcmds 2010/01/28 v1.3 Prefix for e-TeX command names (HO)
Package etexcmds Info: Could not find \expanded.
(etexcmds)             That can mean that you are not using pdfTeX 1.50 or
(etexcmds)             that some package has redefined \expanded.
(etexcmds)             In the latter case, load this package earlier.
)))
Package grfext Info: Graphics extension search list:
(grfext)             [.png,.pdf,.jpg,.mps,.jpeg,.jbig2,.jb2,.PNG,.PDF,.JPG,.JPE
G,.JBIG2,.JB2,.eps]
(grfext)             \AppendGraphicsExtensions on input line 436.

(/usr/local/texlive/2010/texmf-dist/tex/latex/latexconfig/epstopdf-sys.cfg
File: epstopdf-sys.cfg 2010/07/13 v1.3 Configuration of (r)epstopdf for TeX Liv
e
))
(/usr/local/texlive/2010/texmf-dist/tex/latex/ucs/ucsencs.def
File: ucsencs.def 2003/11/29 Fixes to fontencodings LGR, T3
)
LaTeX Font Info:    External font `cmex10' loaded for size
(Font)              <7> on input line 36.
LaTeX Font Info:    External font `cmex10' loaded for size
(Font)              <5> on input line 36.
LaTeX Font Info:    Try loading font information for OMS+cmtt on input line 36.

LaTeX Font Info:    No file OMScmtt.fd. on input line 36.


LaTeX Font Warning: Font shape `OMS/cmtt/m/n' undefined
(Font)              using `OMS/cmsy/m/n' instead
(Font)              for symbol `textbraceleft' on input line 36.

(./introduction.tex
LaTeX Font Info:    External font `cmex10' loaded for size
(Font)              <9> on input line 12.
LaTeX Font Info:    External font `cmex10' loaded for size
(Font)              <6> on input line 12.
 [1



{/usr/local/texlive/2010/texmf-var/fonts/map/pdftex/updmap/pdftex.map}] [2]) (.
/relatedwork.tex) (./largemodelexamples.tex

LaTeX Warning: Citation `wheeler' on page 3 undefined on input line 11.

[3]
Package epstopdf Info: Source file: <figures/software_model_sizes.eps>
(epstopdf)                    date: 2012-01-18 17:52:27
(epstopdf)                    size: 18213 bytes
(epstopdf)             Output file: <figures/software_model_sizes-eps-converted
-to.pdf>
(epstopdf)                    date: 2012-01-18 17:54:13
(epstopdf)                    size: 13355 bytes
(epstopdf)             Command: <repstopdf --outfile=figures/software_model_siz
es-eps-converted-to.pdf figures/software_model_sizes.eps>
(epstopdf)             \includegraphics on input line 19.
Package epstopdf Info: Output file is already uptodate.

<figures/software_model_sizes-eps-converted-to.pdf, id=22, 1160.335pt x 337.26p
t>
File: figures/software_model_sizes-eps-converted-to.pdf Graphic file (type pdf)

 <use figures/software_model_sizes-eps-converted-to.pdf>
Underfull \vbox (badness 10000) has occurred while \output is active []

 [4 <./figures/software_model_sizes-eps-converted-to.pdf>]

LaTeX Warning: Citation `CityGMLBerlinDB' on page 5 undefined on input line 40.


[5]

LaTeX Warning: Citation `SMTLpaper' on page 6 undefined on input line 50.

) (./gains.tex [6]
Package epstopdf Info: Source file: <figures/optimal_load_times.eps>
(epstopdf)                    date: 2012-01-12 13:46:41
(epstopdf)                    size: 94091 bytes
(epstopdf)             Output file: <figures/optimal_load_times-eps-converted-t
o.pdf>
(epstopdf)                    date: 2012-01-12 13:48:06
(epstopdf)                    size: 28727 bytes
(epstopdf)             Command: <repstopdf --outfile=figures/optimal_load_times
-eps-converted-to.pdf figures/optimal_load_times.eps>
(epstopdf)             \includegraphics on input line 28.
Package epstopdf Info: Output file is already uptodate.

<figures/optimal_load_times-eps-converted-to.pdf, id=39, 561.09625pt x 421.575p
t>
File: figures/optimal_load_times-eps-converted-to.pdf Graphic file (type pdf)
 <use figures/optimal_load_times-eps-converted-to.pdf> [7 <./figures/optimal_lo
ad_times-eps-converted-to.pdf>]
Package epstopdf Info: Source file: <figures/emf_hbase_performance_measured.eps
>
(epstopdf)                    date: 2012-01-12 13:47:35
(epstopdf)                    size: 17539 bytes
(epstopdf)             Output file: <figures/emf_hbase_performance_measured-eps
-converted-to.pdf>
(epstopdf)                    date: 2012-01-12 13:50:10
(epstopdf)                    size: 14298 bytes
(epstopdf)             Command: <repstopdf --outfile=figures/emf_hbase_performa
nce_measured-eps-converted-to.pdf figures/emf_hbase_performance_measured.eps>
(epstopdf)             \includegraphics on input line 44.
Package epstopdf Info: Output file is already uptodate.

<figures/emf_hbase_performance_measured-eps-converted-to.pdf, id=51, 561.09625p
t x 421.575pt>
File: figures/emf_hbase_performance_measured-eps-converted-to.pdf Graphic file 
(type pdf)

<use figures/emf_hbase_performance_measured-eps-converted-to.pdf>
Package epstopdf Info: Source file: <figures/optimal_load_times_measured.eps>
(epstopdf)                    date: 2012-01-12 13:46:09
(epstopdf)                    size: 95878 bytes
(epstopdf)             Output file: <figures/optimal_load_times_measured-eps-co
nverted-to.pdf>
(epstopdf)                    date: 2012-01-12 13:50:10
(epstopdf)                    size: 30695 bytes
(epstopdf)             Command: <repstopdf --outfile=figures/optimal_load_times
_measured-eps-converted-to.pdf figures/optimal_load_times_measured.eps>
(epstopdf)             \includegraphics on input line 51.
Package epstopdf Info: Output file is already uptodate.

<figures/optimal_load_times_measured-eps-converted-to.pdf, id=52, 561.09625pt x
 421.575pt>
File: figures/optimal_load_times_measured-eps-converted-to.pdf Graphic file (ty
pe pdf)
 <use figures/optimal_load_times_measured-eps-converted-to.pdf>
Overfull \hbox (18.33745pt too wide) in paragraph at lines 42--55
[][]   [] 
 []

Package epstopdf Info: Source file: <figures/optimal_load_times_measured_ordere
d.eps>
(epstopdf)                    date: 2012-01-26 11:23:27
(epstopdf)                    size: 99394 bytes
(epstopdf)             Output file: <figures/optimal_load_times_measured_ordere
d-eps-converted-to.pdf>
(epstopdf)                    date: 2012-01-26 11:27:56
(epstopdf)                    size: 29436 bytes
(epstopdf)             Command: <repstopdf --outfile=figures/optimal_load_times
_measured_ordered-eps-converted-to.pdf figures/optimal_load_times_measured_orde
red.eps>
(epstopdf)             \includegraphics on input line 61.
Package epstopdf Info: Output file is already uptodate.

<figures/optimal_load_times_measured_ordered-eps-converted-to.pdf, id=53, 561.0
9625pt x 421.575pt>
File: figures/optimal_load_times_measured_ordered-eps-converted-to.pdf Graphic 
file (type pdf)

<use figures/optimal_load_times_measured_ordered-eps-converted-to.pdf> [8 <./fi
gures/emf_hbase_performance_measured-eps-converted-to.pdf> <./figures/optimal_l
oad_times_measured-eps-converted-to.pdf>]) [9 <./figures/optimal_load_times_mea
sured_ordered-eps-converted-to.pdf>]
<figures/metamodel_fragmentation_patterns_tree.pdf, id=76, 405.515pt x 393.47pt
>
File: figures/metamodel_fragmentation_patterns_tree.pdf Graphic file (type pdf)

 <use figures/metamodel_fragmentation_patterns_tree.pdf>
<figures/metamodel_fragmentation_patterns_graph.pdf, id=77, 405.515pt x 393.47p
t>
File: figures/metamodel_fragmentation_patterns_graph.pdf Graphic file (type pdf
)
 <use figures/metamodel_fragmentation_patterns_graph.pdf>
Overfull \hbox (18.33745pt too wide) in paragraph at lines 54--67
[][]   [] 
 []

[10 <./figures/metamodel_fragmentation_patterns_tree.pdf> <./figures/metamodel_
fragmentation_patterns_graph.pdf>] (./evaluation.tex
<figures/grabatsFragments.pdf, id=384, 427.5975pt x 366.36874pt>
File: figures/grabatsFragments.pdf Graphic file (type pdf)

<use figures/grabatsFragments.pdf>

LaTeX Warning: Reference `fig:grabatsFragments' on page 11 undefined on input l
ine 18.

[11]

LaTeX Warning: Reference `fig:grabatsLoadTraverseMem' on page 12 undefined on i
nput line 24.

<figures/grabatsLoadTraverseMem.pdf, id=389, 405.515pt x 366.36874pt>
File: figures/grabatsLoadTraverseMem.pdf Graphic file (type pdf)

<use figures/grabatsLoadTraverseMem.pdf>

LaTeX Warning: Reference `grabatsLoadTraverse' on page 12 undefined on input li
ne 35.

[12 <./figures/grabatsFragments.pdf>]
<figures/grabatsLoadTraverse.pdf, id=557, 427.5975pt x 366.36874pt>
File: figures/grabatsLoadTraverse.pdf Graphic file (type pdf)

<use figures/grabatsLoadTraverse.pdf>

LaTeX Warning: Reference `fig:grabatsQuery' on page 13 undefined on input line 
46.

<figures/grabatsQuery.pdf, id=558, 427.5975pt x 366.36874pt>
File: figures/grabatsQuery.pdf Graphic file (type pdf)

<use figures/grabatsQuery.pdf>

LaTeX Warning: Reference `fig:fragmentationMetaModel' on page 13 undefined on i
nput line 59.

[13 <./figures/grabatsLoadTraverseMem.pdf>]) (./conclusions.tex)
No file main.bbl.

Underfull \vbox (badness 10000) has occurred while \output is active []

 [14 <./figures/grabatsLoadTraverse.pdf> <./figures/grabatsQuery.pdf>] [15] (./
main.aux)

LaTeX Font Warning: Some font shapes were not available, defaults substituted.


LaTeX Warning: There were undefined references.


LaTeX Warning: Label(s) may have changed. Rerun to get cross-references right.

 ) 
Here is how much of TeX's memory you used:
 2416 strings out of 493747
 35909 string characters out of 3143546
 102476 words of memory out of 3000000
 5632 multiletter control sequences out of 15000+200000
 7802 words of font info for 28 fonts, out of 3000000 for 9000
 714 hyphenation exceptions out of 8191
 38i,9n,23p,1127b,289s stack positions out of 5000i,500n,10000p,200000b,50000s
</usr/local/texlive/2010/texmf-dist/fonts/type1/public/amsfonts/cm/cmbx10.pfb
></usr/local/texlive/2010/texmf-dist/fonts/type1/public/amsfonts/cm/cmbx12.pfb>
</usr/local/texlive/2010/texmf-dist/fonts/type1/public/amsfonts/cm/cmbx9.pfb></
usr/local/texlive/2010/texmf-dist/fonts/type1/public/amsfonts/cm/cmex10.pfb></u
sr/local/texlive/2010/texmf-dist/fonts/type1/public/amsfonts/cm/cmmi10.pfb></us
r/local/texlive/2010/texmf-dist/fonts/type1/public/amsfonts/cm/cmmi7.pfb></usr/
local/texlive/2010/texmf-dist/fonts/type1/public/amsfonts/cm/cmr10.pfb></usr/lo
cal/texlive/2010/texmf-dist/fonts/type1/public/amsfonts/cm/cmr6.pfb></usr/local
/texlive/2010/texmf-dist/fonts/type1/public/amsfonts/cm/cmr7.pfb></usr/local/te
xlive/2010/texmf-dist/fonts/type1/public/amsfonts/cm/cmr9.pfb></usr/local/texli
ve/2010/texmf-dist/fonts/type1/public/amsfonts/cm/cmsy10.pfb></usr/local/texliv
e/2010/texmf-dist/fonts/type1/public/amsfonts/cm/cmsy9.pfb></usr/local/texlive/
2010/texmf-dist/fonts/type1/public/amsfonts/cm/cmti10.pfb></usr/local/texlive/2
010/texmf-dist/fonts/type1/public/amsfonts/cm/cmtt9.pfb>
Output written on main.pdf (15 pages, 712548 bytes).
PDF statistics:
 1130 PDF objects out of 1200 (max. 8388607)
 666 compressed objects within 7 object streams
 0 named destinations out of 1000 (max. 500000)
 56 words of extra memory for PDF output out of 10000 (max. 10000000)

